09/05/2021 16:35:17	This log contains information about the import schema operation into project 'Database' on computer 'DESKTOP-R45QHV4' by user 'MARCE'.
09/05/2021 16:35:17	Import of database schema has started.
09/05/2021 16:35:21	Gathering database credentials
09/05/2021 16:35:21	Gathering database options
09/05/2021 16:35:21	Gathering generic database scoped configuration option
09/05/2021 16:35:21	Gathering users
09/05/2021 16:35:21	Gathering roles
09/05/2021 16:35:21	Gathering application roles
09/05/2021 16:35:21	Gathering role memberships
09/05/2021 16:35:21	Gathering filegroups
09/05/2021 16:35:21	Gathering full-text catalogs
09/05/2021 16:35:21	Gathering assemblies
09/05/2021 16:35:21	Gathering certificates
09/05/2021 16:35:21	Gathering asymmetric keys
09/05/2021 16:35:21	Gathering symmetric keys
09/05/2021 16:35:21	Gathering encrypted symmetric keys
09/05/2021 16:35:21	Gathering schemas
09/05/2021 16:35:21	Gathering XML schema collections
09/05/2021 16:35:21	Gathering user-defined data types
09/05/2021 16:35:21	Gathering user-defined types
09/05/2021 16:35:21	Gathering table types
09/05/2021 16:35:21	Gathering unique keys for table types
09/05/2021 16:35:21	Gathering primary keys for table types
09/05/2021 16:35:21	Gathering indexes for table types
09/05/2021 16:35:21	Gathering check constraints for table types
09/05/2021 16:35:21	Gathering default constraints for table types
09/05/2021 16:35:21	Gathering partition functions
09/05/2021 16:35:21	Gathering partition schemes
09/05/2021 16:35:21	Gathering functions
09/05/2021 16:35:21	Gathering encrypted functions
09/05/2021 16:35:21	Gathering aggregates
09/05/2021 16:35:21	Gathering procedures
09/05/2021 16:35:21	Gathering encrypted procedures
09/05/2021 16:35:21	Gathering tables
09/05/2021 16:35:21	Gathering primary keys
09/05/2021 16:35:21	Gathering unique constraints
09/05/2021 16:35:21	Gathering foreign keys
09/05/2021 16:35:21	Gathering default constraints
09/05/2021 16:35:21	Gathering check constraints
09/05/2021 16:35:21	Gathering views
09/05/2021 16:35:21	Gathering encrypted views
09/05/2021 16:35:21	Gathering indexes
09/05/2021 16:35:21	Gathering statistics
09/05/2021 16:35:21	Gathering full-text index stoplists
09/05/2021 16:35:21	Gathering search property lists
09/05/2021 16:35:21	Gathering search properties
09/05/2021 16:35:21	Gathering full-text indexes
09/05/2021 16:35:21	Gathering column store indexes
09/05/2021 16:35:21	Gathering spatial indexes
09/05/2021 16:35:21	Gathering XML indexes
09/05/2021 16:35:21	Gathering Selective XML indexes
09/05/2021 16:35:21	Gathering encrypted triggers
09/05/2021 16:35:21	Gathering triggers
09/05/2021 16:35:21	Gathering encrypted and clr ddl triggers
09/05/2021 16:35:21	Gathering ddl triggers
09/05/2021 16:35:21	Creating edge constraints
09/05/2021 16:35:21	Gathering synonyms
09/05/2021 16:35:21	Gathering defaults
09/05/2021 16:35:21	Gathering data constraint uddt bindings
09/05/2021 16:35:21	Gathering rules
09/05/2021 16:35:21	Gathering data constraint uddt bindings
09/05/2021 16:35:21	Gathering message types
09/05/2021 16:35:21	Gathering queues
09/05/2021 16:35:21	Gathering contracts
09/05/2021 16:35:21	Gathering services
09/05/2021 16:35:21	Gathering event notifications
09/05/2021 16:35:21	Gathering remote service bindings
09/05/2021 16:35:21	Gathering broker priorities
09/05/2021 16:35:21	Gathering signatures
09/05/2021 16:35:21	Gathering data compression options
09/05/2021 16:35:21	Gathering sequence types
09/05/2021 16:35:21	Gathering security policies
09/05/2021 16:35:21	Gather column encryption keys
09/05/2021 16:35:21	Gathering column master keys
09/05/2021 16:35:21	Gathering external data sources
09/05/2021 16:35:22	Gathering external file formats
09/05/2021 16:35:22	Gathering external tables
09/05/2021 16:35:22	Gathering extended properties
09/05/2021 16:35:22	Gathering credentials
09/05/2021 16:35:22	Gathering logins
09/05/2021 16:35:22	Gathering server audits
09/05/2021 16:35:22	Scanning project for duplicate elements
09/05/2021 16:35:22	Finished duplicate element processing
09/05/2021 16:35:22	Finished importing database.
09/05/2021 16:35:22	A summary of the import was saved to the following location: C:\Users\MARCE\source\repos\MyBankApp\Database\Import Schema Logs\Database_20210509033517.log
09/05/2021 16:35:22	Click Finish to continue...
